# JRE version: OpenJDK Runtime Environment Temurin-21.0.10+7 (21.0.10+7) (build 21.0.10+7-LTS)
# Java VM: OpenJDK 64-Bit Server VM Temurin-21.0.10+7 (21.0.10+7-LTS, mixed mode, sharing, tiered, compressed oops, compressed class ptrs, g1 gc, windows-amd64)
GC Precious Log:
 CardTable entry size: 512
 Card Set container configuration: InlinePtr #cards 5 size 8 Array Of Cards #cards 12 size 40 Howl #buckets 4 coarsen threshold 1843 Howl Bitmap #cards 512 size 80 coarsen threshold 460 Card regions per heap region 1 cards per card region 2048
 CPUs: 4 total, 4 available
 Memory: 3919M
 Large Page Support: Disabled
 NUMA Support: Disabled
 Compressed Oops: Enabled (32-bit)
 Heap Region Size: 1M
 Heap Min Capacity: 8M
 Heap Initial Capacity: 62M
 Heap Max Capacity: 980M
 Pre-touch: Disabled
 Parallel Workers: 4
 Concurrent Workers: 1
 Concurrent Refinement Workers: 4
 Periodic GC: Disabled
Heap:
 garbage-first heap   total 60416K, used 53973K [0x00000000c2c00000, 0x0000000100000000)
  region size 1024K, 28 young (28672K), 2 survivors (2048K)
 Metaspace       used 58880K, committed 59584K, reserved 1114112K
  class space    used 7601K, committed 7936K, reserved 1048576K
GC Heap History (20 events):
Event: 24.266 GC heap before
{Heap before GC invocations=11 (full 0):
 garbage-first heap   total 48128K, used 39548K [0x00000000c2c00000, 0x0000000100000000)
  region size 1024K, 22 young (22528K), 3 survivors (3072K)
 Metaspace       used 44034K, committed 44672K, reserved 1114112K
  class space    used 5802K, committed 6080K, reserved 1048576K
}
Event: 24.284 GC heap after
{Heap after GC invocations=12 (full 0):
 garbage-first heap   total 48128K, used 22785K [0x00000000c2c00000, 0x0000000100000000)
  region size 1024K, 2 young (2048K), 2 survivors (2048K)
 Metaspace       used 44034K, committed 44672K, reserved 1114112K
  class space    used 5802K, committed 6080K, reserved 1048576K
}
Event: 24.937 GC heap before
{Heap before GC invocations=12 (full 0):
 garbage-first heap   total 48128K, used 40193K [0x00000000c2c00000, 0x0000000100000000)
  region size 1024K, 20 young (20480K), 2 survivors (2048K)
 Metaspace       used 45115K, committed 45760K, reserved 1114112K
  class space    used 5939K, committed 6208K, reserved 1048576K
}
Event: 24.943 GC heap after
{Heap after GC invocations=13 (full 0):
 garbage-first heap   total 48128K, used 23695K [0x00000000c2c00000, 0x0000000100000000)
  region size 1024K, 1 young (1024K), 1 survivors (1024K)
 Metaspace       used 45115K, committed 45760K, reserved 1114112K
  class space    used 5939K, committed 6208K, reserved 1048576K
}
Event: 26.145 GC heap before
{Heap before GC invocations=13 (full 0):
 garbage-first heap   total 48128K, used 41103K [0x00000000c2c00000, 0x0000000100000000)
  region size 1024K, 18 young (18432K), 1 survivors (1024K)
 Metaspace       used 46199K, committed 46784K, reserved 1114112K
  class space    used 6080K, committed 6336K, reserved 1048576K
}
Event: 26.153 GC heap after
{Heap after GC invocations=14 (full 0):
 garbage-first heap   total 48128K, used 24509K [0x00000000c2c00000, 0x0000000100000000)
  region size 1024K, 2 young (2048K), 2 survivors (2048K)
 Metaspace       used 46199K, committed 46784K, reserved 1114112K
  class space    used 6080K, committed 6336K, reserved 1048576K
}
Event: 28.171 GC heap before
{Heap before GC invocations=15 (full 0):
 garbage-first heap   total 48128K, used 41917K [0x00000000c2c00000, 0x0000000100000000)
  region size 1024K, 19 young (19456K), 2 survivors (2048K)
 Metaspace       used 48176K, committed 48832K, reserved 1114112K
  class space    used 6366K, committed 6656K, reserved 1048576K
}
Event: 28.178 GC heap after
{Heap after GC invocations=16 (full 0):
 garbage-first heap   total 48128K, used 26287K [0x00000000c2c00000, 0x0000000100000000)
  region size 1024K, 3 young (3072K), 3 survivors (3072K)
 Metaspace       used 48176K, committed 48832K, reserved 1114112K
  class space    used 6366K, committed 6656K, reserved 1048576K
}
Event: 29.229 GC heap before
{Heap before GC invocations=16 (full 0):
 garbage-first heap   total 48128K, used 42671K [0x00000000c2c00000, 0x0000000100000000)
  region size 1024K, 19 young (19456K), 3 survivors (3072K)
 Metaspace       used 49825K, committed 50496K, reserved 1114112K
  class space    used 6613K, committed 6912K, reserved 1048576K
}
Event: 29.239 GC heap after
{Heap after GC invocations=17 (full 0):
 garbage-first heap   total 49152K, used 27084K [0x00000000c2c00000, 0x0000000100000000)
  region size 1024K, 2 young (2048K), 2 survivors (2048K)
 Metaspace       used 49825K, committed 50496K, reserved 1114112K
  class space    used 6613K, committed 6912K, reserved 1048576K
}
Event: 86.153 GC heap before
{Heap before GC invocations=17 (full 0):
 garbage-first heap   total 49152K, used 42444K [0x00000000c2c00000, 0x0000000100000000)
  region size 1024K, 18 young (18432K), 2 survivors (2048K)
 Metaspace       used 53793K, committed 54592K, reserved 1114112K
  class space    used 7118K, committed 7488K, reserved 1048576K
}
Event: 86.200 GC heap after
{Heap after GC invocations=18 (full 0):
 garbage-first heap   total 49152K, used 28156K [0x00000000c2c00000, 0x0000000100000000)
  region size 1024K, 3 young (3072K), 3 survivors (3072K)
 Metaspace       used 53793K, committed 54592K, reserved 1114112K
  class space    used 7118K, committed 7488K, reserved 1048576K
}
Event: 223.330 GC heap before
{Heap before GC invocations=19 (full 0):
 garbage-first heap   total 50176K, used 42492K [0x00000000c2c00000, 0x0000000100000000)
  region size 1024K, 18 young (18432K), 3 survivors (3072K)
 Metaspace       used 56242K, committed 56960K, reserved 1114112K
  class space    used 7404K, committed 7744K, reserved 1048576K
}
Event: 223.391 GC heap after
{Heap after GC invocations=20 (full 0):
 garbage-first heap   total 50176K, used 28686K [0x00000000c2c00000, 0x0000000100000000)
  region size 1024K, 2 young (2048K), 2 survivors (2048K)
 Metaspace       used 56242K, committed 56960K, reserved 1114112K
  class space    used 7404K, committed 7744K, reserved 1048576K
}
Event: 409.871 GC heap before
{Heap before GC invocations=20 (full 0):
 garbage-first heap   total 50176K, used 44046K [0x00000000c2c00000, 0x0000000100000000)
  region size 1024K, 18 young (18432K), 2 survivors (2048K)
 Metaspace       used 57158K, committed 57792K, reserved 1114112K
  class space    used 7459K, committed 7744K, reserved 1048576K
}
Event: 409.896 GC heap after
{Heap after GC invocations=21 (full 0):
 garbage-first heap   total 50176K, used 28058K [0x00000000c2c00000, 0x0000000100000000)
  region size 1024K, 1 young (1024K), 1 survivors (1024K)
 Metaspace       used 57158K, committed 57792K, reserved 1114112K
  class space    used 7459K, committed 7744K, reserved 1048576K
}
Event: 577.650 GC heap before
{Heap before GC invocations=21 (full 0):
 garbage-first heap   total 50176K, used 44442K [0x00000000c2c00000, 0x0000000100000000)
  region size 1024K, 18 young (18432K), 1 survivors (1024K)
 Metaspace       used 58296K, committed 59008K, reserved 1114112K
  class space    used 7571K, committed 7872K, reserved 1048576K
}
Event: 577.681 GC heap after
{Heap after GC invocations=22 (full 0):
 garbage-first heap   total 50176K, used 28339K [0x00000000c2c00000, 0x0000000100000000)
  region size 1024K, 2 young (2048K), 2 survivors (2048K)
 Metaspace       used 58296K, committed 59008K, reserved 1114112K
  class space    used 7571K, committed 7872K, reserved 1048576K
}
Event: 856.125 GC heap before
{Heap before GC invocations=23 (full 0):
 garbage-first heap   total 50176K, used 44723K [0x00000000c2c00000, 0x0000000100000000)
  region size 1024K, 19 young (19456K), 2 survivors (2048K)
 Metaspace       used 58519K, committed 59264K, reserved 1114112K
  class space    used 7572K, committed 7872K, reserved 1048576K
}
Event: 856.169 GC heap after
{Heap after GC invocations=24 (full 0):
 garbage-first heap   total 60416K, used 28373K [0x00000000c2c00000, 0x0000000100000000)
  region size 1024K, 2 young (2048K), 2 survivors (2048K)
 Metaspace       used 58519K, committed 59264K, reserved 1114112K
  class space    used 7572K, committed 7872K, reserved 1048576K
}

